<?xml version="1.0" encoding="UTF-8"?>
<testsuite xmlns:xsi="http://www.w3.org/2001/XMLSchema-instance" xsi:noNamespaceSchemaLocation="https://maven.apache.org/surefire/maven-surefire-plugin/xsd/surefire-test-report-3.0.xsd" version="3.0" name="TestSuite" time="268.308" tests="16" errors="0" skipped="0" failures="1">
  <properties>
    <property name="sun.desktop" value="windows"/>
    <property name="awt.toolkit" value="sun.awt.windows.WToolkit"/>
    <property name="file.encoding.pkg" value="sun.io"/>
    <property name="java.specification.version" value="1.8"/>
    <property name="webdriver.chrome.driver" value="C:\Users\Pintu\.cache\selenium\chromedriver\win32\106.0.5249.61\chromedriver.exe"/>
    <property name="sun.cpu.isalist" value="amd64"/>
    <property name="sun.jnu.encoding" value="Cp1252"/>
    <property name="java.class.path" value="E:\Photo-Framework\DemoWebShop\target\test-classes;E:\Photo-Framework\DemoWebShop\target\classes;C:\Users\Pintu\.m2\repository\org\seleniumhq\selenium\selenium-java\3.141.59\selenium-java-3.141.59.jar;C:\Users\Pintu\.m2\repository\org\seleniumhq\selenium\selenium-api\3.141.59\selenium-api-3.141.59.jar;C:\Users\Pintu\.m2\repository\org\seleniumhq\selenium\selenium-chrome-driver\3.141.59\selenium-chrome-driver-3.141.59.jar;C:\Users\Pintu\.m2\repository\org\seleniumhq\selenium\selenium-edge-driver\3.141.59\selenium-edge-driver-3.141.59.jar;C:\Users\Pintu\.m2\repository\org\seleniumhq\selenium\selenium-firefox-driver\3.141.59\selenium-firefox-driver-3.141.59.jar;C:\Users\Pintu\.m2\repository\org\seleniumhq\selenium\selenium-ie-driver\3.141.59\selenium-ie-driver-3.141.59.jar;C:\Users\Pintu\.m2\repository\org\seleniumhq\selenium\selenium-opera-driver\3.141.59\selenium-opera-driver-3.141.59.jar;C:\Users\Pintu\.m2\repository\org\seleniumhq\selenium\selenium-remote-driver\3.141.59\selenium-remote-driver-3.141.59.jar;C:\Users\Pintu\.m2\repository\org\seleniumhq\selenium\selenium-safari-driver\3.141.59\selenium-safari-driver-3.141.59.jar;C:\Users\Pintu\.m2\repository\org\seleniumhq\selenium\selenium-support\3.141.59\selenium-support-3.141.59.jar;C:\Users\Pintu\.m2\repository\net\bytebuddy\byte-buddy\1.8.15\byte-buddy-1.8.15.jar;C:\Users\Pintu\.m2\repository\org\apache\commons\commons-exec\1.3\commons-exec-1.3.jar;C:\Users\Pintu\.m2\repository\com\google\guava\guava\25.0-jre\guava-25.0-jre.jar;C:\Users\Pintu\.m2\repository\com\google\code\findbugs\jsr305\1.3.9\jsr305-1.3.9.jar;C:\Users\Pintu\.m2\repository\org\checkerframework\checker-compat-qual\2.0.0\checker-compat-qual-2.0.0.jar;C:\Users\Pintu\.m2\repository\com\google\errorprone\error_prone_annotations\2.1.3\error_prone_annotations-2.1.3.jar;C:\Users\Pintu\.m2\repository\com\google\j2objc\j2objc-annotations\1.1\j2objc-annotations-1.1.jar;C:\Users\Pintu\.m2\repository\org\codehaus\mojo\animal-sniffer-annotations\1.14\animal-sniffer-annotations-1.14.jar;C:\Users\Pintu\.m2\repository\com\squareup\okhttp3\okhttp\3.11.0\okhttp-3.11.0.jar;C:\Users\Pintu\.m2\repository\com\squareup\okio\okio\1.14.0\okio-1.14.0.jar;C:\Users\Pintu\.m2\repository\org\testng\testng\7.4.0\testng-7.4.0.jar;C:\Users\Pintu\.m2\repository\com\beust\jcommander\1.78\jcommander-1.78.jar;C:\Users\Pintu\.m2\repository\org\webjars\jquery\3.5.1\jquery-3.5.1.jar;C:\Users\Pintu\.m2\repository\org\apache\poi\poi\3.17\poi-3.17.jar;C:\Users\Pintu\.m2\repository\commons-codec\commons-codec\1.10\commons-codec-1.10.jar;C:\Users\Pintu\.m2\repository\org\apache\commons\commons-collections4\4.1\commons-collections4-4.1.jar;C:\Users\Pintu\.m2\repository\org\apache\poi\poi-ooxml\3.17\poi-ooxml-3.17.jar;C:\Users\Pintu\.m2\repository\org\apache\poi\poi-ooxml-schemas\3.17\poi-ooxml-schemas-3.17.jar;C:\Users\Pintu\.m2\repository\org\apache\xmlbeans\xmlbeans\2.6.0\xmlbeans-2.6.0.jar;C:\Users\Pintu\.m2\repository\stax\stax-api\1.0.1\stax-api-1.0.1.jar;C:\Users\Pintu\.m2\repository\com\github\virtuald\curvesapi\1.04\curvesapi-1.04.jar;C:\Users\Pintu\.m2\repository\com\aventstack\extentreports\3.1.2\extentreports-3.1.2.jar;C:\Users\Pintu\.m2\repository\org\freemarker\freemarker\2.3.23\freemarker-2.3.23.jar;C:\Users\Pintu\.m2\repository\org\mongodb\mongodb-driver\3.3.0\mongodb-driver-3.3.0.jar;C:\Users\Pintu\.m2\repository\org\mongodb\bson\3.3.0\bson-3.3.0.jar;C:\Users\Pintu\.m2\repository\org\mongodb\mongodb-driver-core\3.3.0\mongodb-driver-core-3.3.0.jar;C:\Users\Pintu\.m2\repository\org\apache\httpcomponents\httpclient\4.5.2\httpclient-4.5.2.jar;C:\Users\Pintu\.m2\repository\org\apache\httpcomponents\httpcore\4.4.4\httpcore-4.4.4.jar;C:\Users\Pintu\.m2\repository\commons-logging\commons-logging\1.2\commons-logging-1.2.jar;C:\Users\Pintu\.m2\repository\org\apache\httpcomponents\httpmime\4.5.2\httpmime-4.5.2.jar;C:\Users\Pintu\.m2\repository\org\jsoup\jsoup\1.9.2\jsoup-1.9.2.jar;C:\Users\Pintu\.m2\repository\com\google\code\gson\gson\2.8.0\gson-2.8.0.jar;C:\Users\Pintu\.m2\repository\log4j\log4j\1.2.17\log4j-1.2.17.jar;C:\Users\Pintu\.m2\repository\org\apache\commons\commons-lang3\3.0\commons-lang3-3.0.jar;C:\Users\Pintu\.m2\repository\commons-io\commons-io\2.6\commons-io-2.6.jar;C:\Users\Pintu\.m2\repository\io\github\bonigarcia\webdrivermanager\5.3.0\webdrivermanager-5.3.0.jar;C:\Users\Pintu\.m2\repository\org\slf4j\slf4j-api\1.7.36\slf4j-api-1.7.36.jar;C:\Users\Pintu\.m2\repository\com\github\docker-java\docker-java\3.2.13\docker-java-3.2.13.jar;C:\Users\Pintu\.m2\repository\com\github\docker-java\docker-java-core\3.2.13\docker-java-core-3.2.13.jar;C:\Users\Pintu\.m2\repository\com\github\docker-java\docker-java-api\3.2.13\docker-java-api-3.2.13.jar;C:\Users\Pintu\.m2\repository\com\fasterxml\jackson\core\jackson-annotations\2.10.3\jackson-annotations-2.10.3.jar;C:\Users\Pintu\.m2\repository\org\apache\commons\commons-compress\1.21\commons-compress-1.21.jar;C:\Users\Pintu\.m2\repository\com\fasterxml\jackson\core\jackson-databind\2.10.3\jackson-databind-2.10.3.jar;C:\Users\Pintu\.m2\repository\com\fasterxml\jackson\core\jackson-core\2.10.3\jackson-core-2.10.3.jar;C:\Users\Pintu\.m2\repository\org\bouncycastle\bcpkix-jdk15on\1.64\bcpkix-jdk15on-1.64.jar;C:\Users\Pintu\.m2\repository\org\bouncycastle\bcprov-jdk15on\1.64\bcprov-jdk15on-1.64.jar;C:\Users\Pintu\.m2\repository\org\slf4j\jcl-over-slf4j\1.7.30\jcl-over-slf4j-1.7.30.jar;C:\Users\Pintu\.m2\repository\com\github\docker-java\docker-java-transport-httpclient5\3.2.13\docker-java-transport-httpclient5-3.2.13.jar;C:\Users\Pintu\.m2\repository\com\github\docker-java\docker-java-transport\3.2.13\docker-java-transport-3.2.13.jar;C:\Users\Pintu\.m2\repository\net\java\dev\jna\jna\5.8.0\jna-5.8.0.jar;C:\Users\Pintu\.m2\repository\org\brotli\dec\0.1.2\dec-0.1.2.jar;C:\Users\Pintu\.m2\repository\org\apache\httpcomponents\client5\httpclient5\5.1.3\httpclient5-5.1.3.jar;C:\Users\Pintu\.m2\repository\org\apache\httpcomponents\core5\httpcore5\5.1.3\httpcore5-5.1.3.jar;C:\Users\Pintu\.m2\repository\org\apache\httpcomponents\core5\httpcore5-h2\5.1.3\httpcore5-h2-5.1.3.jar;"/>
    <property name="java.vm.vendor" value="Oracle Corporation"/>
    <property name="sun.arch.data.model" value="64"/>
    <property name="user.variant" value=""/>
    <property name="java.vendor.url" value="http://java.oracle.com/"/>
    <property name="user.timezone" value="Asia/Calcutta"/>
    <property name="java.vm.specification.version" value="1.8"/>
    <property name="os.name" value="Windows 7"/>
    <property name="user.country" value="US"/>
    <property name="sun.java.launcher" value="SUN_STANDARD"/>
    <property name="sun.boot.library.path" value="E:\Java\jdk1.8.0_241\jre\bin"/>
    <property name="sun.java.command" value="C:\Windows\Temp\surefire3350036167788271950\surefirebooter-20221015185115567_3.jar C:\Windows\Temp\surefire3350036167788271950 2022-10-15T18-51-13_879-jvmRun1 surefire-20221015185115567_1tmp surefire_0-20221015185115567_2tmp"/>
    <property name="surefire.test.class.path" value="E:\Photo-Framework\DemoWebShop\target\test-classes;E:\Photo-Framework\DemoWebShop\target\classes;C:\Users\Pintu\.m2\repository\org\seleniumhq\selenium\selenium-java\3.141.59\selenium-java-3.141.59.jar;C:\Users\Pintu\.m2\repository\org\seleniumhq\selenium\selenium-api\3.141.59\selenium-api-3.141.59.jar;C:\Users\Pintu\.m2\repository\org\seleniumhq\selenium\selenium-chrome-driver\3.141.59\selenium-chrome-driver-3.141.59.jar;C:\Users\Pintu\.m2\repository\org\seleniumhq\selenium\selenium-edge-driver\3.141.59\selenium-edge-driver-3.141.59.jar;C:\Users\Pintu\.m2\repository\org\seleniumhq\selenium\selenium-firefox-driver\3.141.59\selenium-firefox-driver-3.141.59.jar;C:\Users\Pintu\.m2\repository\org\seleniumhq\selenium\selenium-ie-driver\3.141.59\selenium-ie-driver-3.141.59.jar;C:\Users\Pintu\.m2\repository\org\seleniumhq\selenium\selenium-opera-driver\3.141.59\selenium-opera-driver-3.141.59.jar;C:\Users\Pintu\.m2\repository\org\seleniumhq\selenium\selenium-remote-driver\3.141.59\selenium-remote-driver-3.141.59.jar;C:\Users\Pintu\.m2\repository\org\seleniumhq\selenium\selenium-safari-driver\3.141.59\selenium-safari-driver-3.141.59.jar;C:\Users\Pintu\.m2\repository\org\seleniumhq\selenium\selenium-support\3.141.59\selenium-support-3.141.59.jar;C:\Users\Pintu\.m2\repository\net\bytebuddy\byte-buddy\1.8.15\byte-buddy-1.8.15.jar;C:\Users\Pintu\.m2\repository\org\apache\commons\commons-exec\1.3\commons-exec-1.3.jar;C:\Users\Pintu\.m2\repository\com\google\guava\guava\25.0-jre\guava-25.0-jre.jar;C:\Users\Pintu\.m2\repository\com\google\code\findbugs\jsr305\1.3.9\jsr305-1.3.9.jar;C:\Users\Pintu\.m2\repository\org\checkerframework\checker-compat-qual\2.0.0\checker-compat-qual-2.0.0.jar;C:\Users\Pintu\.m2\repository\com\google\errorprone\error_prone_annotations\2.1.3\error_prone_annotations-2.1.3.jar;C:\Users\Pintu\.m2\repository\com\google\j2objc\j2objc-annotations\1.1\j2objc-annotations-1.1.jar;C:\Users\Pintu\.m2\repository\org\codehaus\mojo\animal-sniffer-annotations\1.14\animal-sniffer-annotations-1.14.jar;C:\Users\Pintu\.m2\repository\com\squareup\okhttp3\okhttp\3.11.0\okhttp-3.11.0.jar;C:\Users\Pintu\.m2\repository\com\squareup\okio\okio\1.14.0\okio-1.14.0.jar;C:\Users\Pintu\.m2\repository\org\testng\testng\7.4.0\testng-7.4.0.jar;C:\Users\Pintu\.m2\repository\com\beust\jcommander\1.78\jcommander-1.78.jar;C:\Users\Pintu\.m2\repository\org\webjars\jquery\3.5.1\jquery-3.5.1.jar;C:\Users\Pintu\.m2\repository\org\apache\poi\poi\3.17\poi-3.17.jar;C:\Users\Pintu\.m2\repository\commons-codec\commons-codec\1.10\commons-codec-1.10.jar;C:\Users\Pintu\.m2\repository\org\apache\commons\commons-collections4\4.1\commons-collections4-4.1.jar;C:\Users\Pintu\.m2\repository\org\apache\poi\poi-ooxml\3.17\poi-ooxml-3.17.jar;C:\Users\Pintu\.m2\repository\org\apache\poi\poi-ooxml-schemas\3.17\poi-ooxml-schemas-3.17.jar;C:\Users\Pintu\.m2\repository\org\apache\xmlbeans\xmlbeans\2.6.0\xmlbeans-2.6.0.jar;C:\Users\Pintu\.m2\repository\stax\stax-api\1.0.1\stax-api-1.0.1.jar;C:\Users\Pintu\.m2\repository\com\github\virtuald\curvesapi\1.04\curvesapi-1.04.jar;C:\Users\Pintu\.m2\repository\com\aventstack\extentreports\3.1.2\extentreports-3.1.2.jar;C:\Users\Pintu\.m2\repository\org\freemarker\freemarker\2.3.23\freemarker-2.3.23.jar;C:\Users\Pintu\.m2\repository\org\mongodb\mongodb-driver\3.3.0\mongodb-driver-3.3.0.jar;C:\Users\Pintu\.m2\repository\org\mongodb\bson\3.3.0\bson-3.3.0.jar;C:\Users\Pintu\.m2\repository\org\mongodb\mongodb-driver-core\3.3.0\mongodb-driver-core-3.3.0.jar;C:\Users\Pintu\.m2\repository\org\apache\httpcomponents\httpclient\4.5.2\httpclient-4.5.2.jar;C:\Users\Pintu\.m2\repository\org\apache\httpcomponents\httpcore\4.4.4\httpcore-4.4.4.jar;C:\Users\Pintu\.m2\repository\commons-logging\commons-logging\1.2\commons-logging-1.2.jar;C:\Users\Pintu\.m2\repository\org\apache\httpcomponents\httpmime\4.5.2\httpmime-4.5.2.jar;C:\Users\Pintu\.m2\repository\org\jsoup\jsoup\1.9.2\jsoup-1.9.2.jar;C:\Users\Pintu\.m2\repository\com\google\code\gson\gson\2.8.0\gson-2.8.0.jar;C:\Users\Pintu\.m2\repository\log4j\log4j\1.2.17\log4j-1.2.17.jar;C:\Users\Pintu\.m2\repository\org\apache\commons\commons-lang3\3.0\commons-lang3-3.0.jar;C:\Users\Pintu\.m2\repository\commons-io\commons-io\2.6\commons-io-2.6.jar;C:\Users\Pintu\.m2\repository\io\github\bonigarcia\webdrivermanager\5.3.0\webdrivermanager-5.3.0.jar;C:\Users\Pintu\.m2\repository\org\slf4j\slf4j-api\1.7.36\slf4j-api-1.7.36.jar;C:\Users\Pintu\.m2\repository\com\github\docker-java\docker-java\3.2.13\docker-java-3.2.13.jar;C:\Users\Pintu\.m2\repository\com\github\docker-java\docker-java-core\3.2.13\docker-java-core-3.2.13.jar;C:\Users\Pintu\.m2\repository\com\github\docker-java\docker-java-api\3.2.13\docker-java-api-3.2.13.jar;C:\Users\Pintu\.m2\repository\com\fasterxml\jackson\core\jackson-annotations\2.10.3\jackson-annotations-2.10.3.jar;C:\Users\Pintu\.m2\repository\org\apache\commons\commons-compress\1.21\commons-compress-1.21.jar;C:\Users\Pintu\.m2\repository\com\fasterxml\jackson\core\jackson-databind\2.10.3\jackson-databind-2.10.3.jar;C:\Users\Pintu\.m2\repository\com\fasterxml\jackson\core\jackson-core\2.10.3\jackson-core-2.10.3.jar;C:\Users\Pintu\.m2\repository\org\bouncycastle\bcpkix-jdk15on\1.64\bcpkix-jdk15on-1.64.jar;C:\Users\Pintu\.m2\repository\org\bouncycastle\bcprov-jdk15on\1.64\bcprov-jdk15on-1.64.jar;C:\Users\Pintu\.m2\repository\org\slf4j\jcl-over-slf4j\1.7.30\jcl-over-slf4j-1.7.30.jar;C:\Users\Pintu\.m2\repository\com\github\docker-java\docker-java-transport-httpclient5\3.2.13\docker-java-transport-httpclient5-3.2.13.jar;C:\Users\Pintu\.m2\repository\com\github\docker-java\docker-java-transport\3.2.13\docker-java-transport-3.2.13.jar;C:\Users\Pintu\.m2\repository\net\java\dev\jna\jna\5.8.0\jna-5.8.0.jar;C:\Users\Pintu\.m2\repository\org\brotli\dec\0.1.2\dec-0.1.2.jar;C:\Users\Pintu\.m2\repository\org\apache\httpcomponents\client5\httpclient5\5.1.3\httpclient5-5.1.3.jar;C:\Users\Pintu\.m2\repository\org\apache\httpcomponents\core5\httpcore5\5.1.3\httpcore5-5.1.3.jar;C:\Users\Pintu\.m2\repository\org\apache\httpcomponents\core5\httpcore5-h2\5.1.3\httpcore5-h2-5.1.3.jar;"/>
    <property name="sun.cpu.endian" value="little"/>
    <property name="user.home" value="C:\Users\Pintu"/>
    <property name="user.language" value="en"/>
    <property name="java.specification.vendor" value="Oracle Corporation"/>
    <property name="java.home" value="E:\Java\jdk1.8.0_241\jre"/>
    <property name="basedir" value="E:\Photo-Framework\DemoWebShop"/>
    <property name="file.separator" value="\"/>
    <property name="line.separator" value="&#10;"/>
    <property name="java.vm.specification.vendor" value="Oracle Corporation"/>
    <property name="java.specification.name" value="Java Platform API Specification"/>
    <property name="java.awt.graphicsenv" value="sun.awt.Win32GraphicsEnvironment"/>
    <property name="surefire.real.class.path" value="C:\Windows\Temp\surefire3350036167788271950\surefirebooter-20221015185115567_3.jar"/>
    <property name="sun.boot.class.path" value="E:\Java\jdk1.8.0_241\jre\lib\resources.jar;E:\Java\jdk1.8.0_241\jre\lib\rt.jar;E:\Java\jdk1.8.0_241\jre\lib\sunrsasign.jar;E:\Java\jdk1.8.0_241\jre\lib\jsse.jar;E:\Java\jdk1.8.0_241\jre\lib\jce.jar;E:\Java\jdk1.8.0_241\jre\lib\charsets.jar;E:\Java\jdk1.8.0_241\jre\lib\jfr.jar;E:\Java\jdk1.8.0_241\jre\classes"/>
    <property name="user.script" value=""/>
    <property name="sun.management.compiler" value="HotSpot 64-Bit Tiered Compilers"/>
    <property name="java.runtime.version" value="1.8.0_241-b07"/>
    <property name="user.name" value="Pintu"/>
    <property name="path.separator" value=";"/>
    <property name="os.version" value="6.1"/>
    <property name="java.endorsed.dirs" value="E:\Java\jdk1.8.0_241\jre\lib\endorsed"/>
    <property name="java.runtime.name" value="Java(TM) SE Runtime Environment"/>
    <property name="file.encoding" value="Cp1252"/>
    <property name="java.vm.name" value="Java HotSpot(TM) 64-Bit Server VM"/>
    <property name="localRepository" value="C:\Users\Pintu\.m2\repository"/>
    <property name="java.vendor.url.bug" value="http://bugreport.sun.com/bugreport/"/>
    <property name="java.io.tmpdir" value="C:\Windows\TEMP\"/>
    <property name="java.version" value="1.8.0_241"/>
    <property name="user.dir" value="E:\Photo-Framework\DemoWebShop"/>
    <property name="os.arch" value="amd64"/>
    <property name="java.vm.specification.name" value="Java Virtual Machine Specification"/>
    <property name="java.awt.printerjob" value="sun.awt.windows.WPrinterJob"/>
    <property name="sun.os.patch.level" value="Service Pack 1"/>
    <property name="java.library.path" value="E:\Java\jdk1.8.0_241\jre\bin;C:\Windows\Sun\Java\bin;C:\Windows\system32;C:\Windows;C:/Program Files/Java/jre1.8.0_241/bin/server;C:/Program Files/Java/jre1.8.0_241/bin;C:/Program Files/Java/jre1.8.0_241/lib/amd64;C:\apache-maven-3.8.6-bin\apache-maven-3.8.6\bin;C:\Python32;C:\Program Files\JetBrains\PyCharm Community Edition 2022.2.3\bin;;C:\Users\Pintu\Desktop;;."/>
    <property name="java.vm.info" value="mixed mode"/>
    <property name="java.vendor" value="Oracle Corporation"/>
    <property name="java.vm.version" value="25.241-b07"/>
    <property name="java.ext.dirs" value="E:\Java\jdk1.8.0_241\jre\lib\ext;C:\Windows\Sun\Java\lib\ext"/>
    <property name="sun.io.unicode.encoding" value="UnicodeLittle"/>
    <property name="java.class.version" value="52.0"/>
  </properties>
  <testcase name="DataProviderLogin[test@kuna.com, test@123](1)" classname="com.WebShop.TestCases.TC6_DataProviderLogin" time="15.556">
    <system-err><![CDATA[SLF4J: Failed to load class "org.slf4j.impl.StaticLoggerBinder".
SLF4J: Defaulting to no-operation (NOP) logger implementation
SLF4J: See http://www.slf4j.org/codes.html#StaticLoggerBinder for further details.
Starting ChromeDriver 106.0.5249.61 (511755355844955cd3e264779baf0dd38212a4d0-refs/branch-heads/5249@{#569}) on port 42239
Only local connections are allowed.
Please see https://chromedriver.chromium.org/security-considerations for suggestions on keeping ChromeDriver safe.
ChromeDriver was started successfully.
Oct 15, 2022 6:51:29 PM org.openqa.selenium.remote.ProtocolHandshake createSession
INFO: Detected dialect: W3C
Oct 15, 2022 6:51:37 PM com.WebShop.TestCases.TC6_DataProviderLogin DataProviderLogin
INFO: Application URL is Opened
Oct 15, 2022 6:51:37 PM com.WebShop.TestCases.TC6_DataProviderLogin DataProviderLogin
INFO: User Clicks on Loginlnk
Oct 15, 2022 6:51:38 PM com.WebShop.TestCases.TC6_DataProviderLogin DataProviderLogin
INFO: User Enters UserName
Oct 15, 2022 6:51:38 PM com.WebShop.TestCases.TC6_DataProviderLogin DataProviderLogin
INFO: User Enters Password
Oct 15, 2022 6:51:39 PM com.WebShop.TestCases.TC6_DataProviderLogin DataProviderLogin
INFO: User Clicks on LoginButton
Oct 15, 2022 6:51:42 PM com.WebShop.TestCases.TC6_DataProviderLogin DataProviderLogin
INFO: User Clicks on Logout link
Oct 15, 2022 6:51:44 PM com.WebShop.TestCases.TC6_DataProviderLogin DataProviderLogin
INFO: Iteration starts - Clicking for New Login
]]></system-err>
  </testcase>
  <testcase name="DataProviderLogin[test@champi.com, test@123](2)" classname="com.WebShop.TestCases.TC6_DataProviderLogin" time="7.829">
    <system-err><![CDATA[Oct 15, 2022 6:51:45 PM com.WebShop.TestCases.TC6_DataProviderLogin DataProviderLogin
INFO: Application URL is Opened
Oct 15, 2022 6:51:46 PM com.WebShop.TestCases.TC6_DataProviderLogin DataProviderLogin
INFO: User Clicks on Loginlnk
Oct 15, 2022 6:51:46 PM com.WebShop.TestCases.TC6_DataProviderLogin DataProviderLogin
INFO: User Enters UserName
Oct 15, 2022 6:51:46 PM com.WebShop.TestCases.TC6_DataProviderLogin DataProviderLogin
INFO: User Enters Password
Oct 15, 2022 6:51:47 PM com.WebShop.TestCases.TC6_DataProviderLogin DataProviderLogin
INFO: User Clicks on LoginButton
Oct 15, 2022 6:51:50 PM com.WebShop.TestCases.TC6_DataProviderLogin DataProviderLogin
INFO: User Clicks on Logout link
Oct 15, 2022 6:51:52 PM com.WebShop.TestCases.TC6_DataProviderLogin DataProviderLogin
INFO: Iteration starts - Clicking for New Login
]]></system-err>
  </testcase>
  <testcase name="DataProviderLogin[sanju@khudi.com, test@123](3)" classname="com.WebShop.TestCases.TC6_DataProviderLogin" time="10.888">
    <system-err><![CDATA[Oct 15, 2022 6:51:53 PM com.WebShop.TestCases.TC6_DataProviderLogin DataProviderLogin
INFO: Application URL is Opened
Oct 15, 2022 6:51:53 PM com.WebShop.TestCases.TC6_DataProviderLogin DataProviderLogin
INFO: User Clicks on Loginlnk
Oct 15, 2022 6:51:54 PM com.WebShop.TestCases.TC6_DataProviderLogin DataProviderLogin
INFO: User Enters UserName
Oct 15, 2022 6:51:54 PM com.WebShop.TestCases.TC6_DataProviderLogin DataProviderLogin
INFO: User Enters Password
Oct 15, 2022 6:51:57 PM com.WebShop.TestCases.TC6_DataProviderLogin DataProviderLogin
INFO: User Clicks on LoginButton
Oct 15, 2022 6:52:00 PM com.WebShop.TestCases.TC6_DataProviderLogin DataProviderLogin
INFO: User Clicks on Logout link
Oct 15, 2022 6:52:03 PM com.WebShop.TestCases.TC6_DataProviderLogin DataProviderLogin
INFO: Iteration starts - Clicking for New Login
]]></system-err>
  </testcase>
  <testcase name="ProductSelectioPn" classname="com.WebShop.TestCases.TC11_ProductSelectioPn" time="14.387">
    <system-out><![CDATA[The Product List for Selection:[Build your own cheap computer, Build your own computer, Build your own expensive computer, Desktop PC with CDRW, Elite Desktop PC, Simple Computer]
DeskTop Name:Build your own computer
]]></system-out>
    <system-err><![CDATA[Starting ChromeDriver 106.0.5249.61 (511755355844955cd3e264779baf0dd38212a4d0-refs/branch-heads/5249@{#569}) on port 4676
Only local connections are allowed.
Please see https://chromedriver.chromium.org/security-considerations for suggestions on keeping ChromeDriver safe.
ChromeDriver was started successfully.
Oct 15, 2022 6:52:10 PM org.openqa.selenium.remote.ProtocolHandshake createSession
INFO: Detected dialect: W3C
]]></system-err>
  </testcase>
  <testcase name="InvalidLogin" classname="com.WebShop.TestCases.TC8_InvalidLogin" time="10.087">
    <system-out><![CDATA[Invalid Login Text:Login was unsuccessful. Please correct the errors and try again.
The credentials provided are incorrect
 Invalid Login Success
]]></system-out>
    <system-err><![CDATA[[1665840145.049][SEVERE]: Unable to receive message from renderer
Starting ChromeDriver 106.0.5249.61 (511755355844955cd3e264779baf0dd38212a4d0-refs/branch-heads/5249@{#569}) on port 15255
Only local connections are allowed.
Please see https://chromedriver.chromium.org/security-considerations for suggestions on keeping ChromeDriver safe.
ChromeDriver was started successfully.
Oct 15, 2022 6:52:28 PM org.openqa.selenium.remote.ProtocolHandshake createSession
INFO: Detected dialect: W3C
Oct 15, 2022 6:52:36 PM com.WebShop.TestCases.TC8_InvalidLogin InvalidLogin
INFO: Application URL is Opned
Oct 15, 2022 6:52:37 PM com.WebShop.TestCases.TC8_InvalidLogin InvalidLogin
INFO: User Clicks on Login Link
Oct 15, 2022 6:52:38 PM com.WebShop.TestCases.TC8_InvalidLogin InvalidLogin
INFO: User Enters Invalid Credentials
]]></system-err>
  </testcase>
  <testcase name="ProductSelection" classname="com.WebShop.TestCases.TC7_ProductSelection" time="48.886">
    <system-out><![CDATA[The List of Desktop Available in the Site:[Build your own cheap computer, Build your own computer, Build your own expensive computer, Desktop PC with CDRW, Elite Desktop PC, Simple Computer]
Menu Text:Build your own cheap computer
User Clicks on DesktopMenu 
User Clicks on add To Cart to button
The Item is Added By the User Message:The product has been added to your shopping cart
Display the AddToCart page Contain:[Processor *, RAM *, HDD *, Software]
ShoppingCart Product Iist-Header:[Remove, , Product(s), Price, Qty., Total]
The CheckoutText is:Please accept the terms of service before the next step.
Oder Status:Your order has been successfully processed!
Customer Order Number:Order number: 1291808
Clickhere for Order Details:Click here for order details.
User Navigated to Order Details Page
 User Navigated Back to Thank You Page
User Is Landed on HomePage
GabuTabu Logged out From the Application
]]></system-out>
    <system-err><![CDATA[[1665840158.561][SEVERE]: Unable to receive message from renderer
Starting ChromeDriver 106.0.5249.61 (511755355844955cd3e264779baf0dd38212a4d0-refs/branch-heads/5249@{#569}) on port 35581
Only local connections are allowed.
Please see https://chromedriver.chromium.org/security-considerations for suggestions on keeping ChromeDriver safe.
ChromeDriver was started successfully.
Oct 15, 2022 6:52:41 PM org.openqa.selenium.remote.ProtocolHandshake createSession
INFO: Detected dialect: W3C
Oct 15, 2022 6:52:51 PM com.WebShop.TestCases.TC7_ProductSelection ProductSelection
INFO: GabuTbau looged in to the Application
Oct 15, 2022 6:52:53 PM com.WebShop.TestCases.TC7_ProductSelection ProductSelection
INFO: GabuTbau Started Product Selection
Oct 15, 2022 6:52:54 PM com.WebShop.TestCases.TC7_ProductSelection ProductSelection
INFO: GabuTbau Selected the Computer
Oct 15, 2022 6:52:55 PM com.WebShop.TestCases.TC7_ProductSelection ProductSelection
INFO: GabuTbau Selected the DeskTop
Oct 15, 2022 6:53:03 PM com.WebShop.TestCases.TC7_ProductSelection ProductSelection
INFO: GabuTbau Selected the DeskTopMenu-Add to cart 
Oct 15, 2022 6:53:04 PM com.WebShop.TestCases.TC7_ProductSelection ProductSelection
INFO: Gabu selected the Products
Oct 15, 2022 6:53:23 PM com.WebShop.TestCases.TC7_ProductSelection ProductSelection
INFO: Gabu Checked out the Products
]]></system-err>
  </testcase>
  <testcase name="RegisterPageFieldValidation" classname="com.WebShop.TestCases.TC5_RegisterPageFieldValidation" time="6.939">
    <system-out><![CDATA[Application is displaying correct validation error message- FirstName field
Application is displaying correct validation error message- LastName field
Application is displaying Incorrect validation error message- Email field
Application is displaying correct validation error message- Password field
]]></system-out>
    <system-err><![CDATA[[1665840210.536][SEVERE]: Unable to receive message from renderer
Starting ChromeDriver 106.0.5249.61 (511755355844955cd3e264779baf0dd38212a4d0-refs/branch-heads/5249@{#569}) on port 29890
Only local connections are allowed.
Please see https://chromedriver.chromium.org/security-considerations for suggestions on keeping ChromeDriver safe.
ChromeDriver was started successfully.
Oct 15, 2022 6:53:33 PM org.openqa.selenium.remote.ProtocolHandshake createSession
INFO: Detected dialect: W3C
]]></system-err>
  </testcase>
  <testcase name="DemoLogin[test@kuna.com, test@123](1)" classname="com.WebShop.TestCases.TC12_DemoShopLoginUsingExcel" time="11.761">
    <system-out><![CDATA[Row count is:4
 Column Count:2
 Person Info:test@kuna.com
 Person Info:test@123
 Person Info:test@champi.com
 Person Info:test@123
 Person Info:gabu@tabu.com
 Person Info:test@123
 Person Info:BOPA@BHAI.com
 Person Info:test@123
User Clicked on Logout Link
User Clicked on Login Link
]]></system-out>
    <system-err><![CDATA[Starting ChromeDriver 106.0.5249.61 (511755355844955cd3e264779baf0dd38212a4d0-refs/branch-heads/5249@{#569}) on port 5554
Only local connections are allowed.
Please see https://chromedriver.chromium.org/security-considerations for suggestions on keeping ChromeDriver safe.
ChromeDriver was started successfully.
Oct 15, 2022 6:53:42 PM org.openqa.selenium.remote.ProtocolHandshake createSession
INFO: Detected dialect: W3C
Oct 15, 2022 6:53:47 PM com.WebShop.TestCases.TC12_DemoShopLoginUsingExcel DemoLogin
INFO: Application URL is Opened
Oct 15, 2022 6:53:48 PM com.WebShop.TestCases.TC12_DemoShopLoginUsingExcel DemoLogin
INFO: User Clicks on LoginLink
Oct 15, 2022 6:53:52 PM com.WebShop.TestCases.TC12_DemoShopLoginUsingExcel DemoLogin
INFO: User Clicked on Logoutlink
Oct 15, 2022 6:53:52 PM com.WebShop.TestCases.TC12_DemoShopLoginUsingExcel DemoLogin
INFO: User Clicks on Logout link
Oct 15, 2022 6:53:55 PM com.WebShop.TestCases.TC12_DemoShopLoginUsingExcel DemoLogin
INFO: User Clicked on Loginlink
Oct 15, 2022 6:53:55 PM com.WebShop.TestCases.TC12_DemoShopLoginUsingExcel DemoLogin
INFO: Iteration starts - Clicking for New Login
]]></system-err>
  </testcase>
  <testcase name="DemoLogin[test@champi.com, test@123](2)" classname="com.WebShop.TestCases.TC12_DemoShopLoginUsingExcel" time="8.071">
    <system-out><![CDATA[User Clicked on Logout Link
User Clicked on Login Link
]]></system-out>
    <system-err><![CDATA[Oct 15, 2022 6:53:55 PM com.WebShop.TestCases.TC12_DemoShopLoginUsingExcel DemoLogin
INFO: Application URL is Opened
Oct 15, 2022 6:53:56 PM com.WebShop.TestCases.TC12_DemoShopLoginUsingExcel DemoLogin
INFO: User Clicks on LoginLink
Oct 15, 2022 6:54:00 PM com.WebShop.TestCases.TC12_DemoShopLoginUsingExcel DemoLogin
INFO: User Clicked on Logoutlink
Oct 15, 2022 6:54:00 PM com.WebShop.TestCases.TC12_DemoShopLoginUsingExcel DemoLogin
INFO: User Clicks on Logout link
Oct 15, 2022 6:54:03 PM com.WebShop.TestCases.TC12_DemoShopLoginUsingExcel DemoLogin
INFO: User Clicked on Loginlink
Oct 15, 2022 6:54:03 PM com.WebShop.TestCases.TC12_DemoShopLoginUsingExcel DemoLogin
INFO: Iteration starts - Clicking for New Login
]]></system-err>
  </testcase>
  <testcase name="DemoLogin[gabu@tabu.com, test@123](3)" classname="com.WebShop.TestCases.TC12_DemoShopLoginUsingExcel" time="8.614">
    <system-out><![CDATA[User Clicked on Logout Link
User Clicked on Login Link
]]></system-out>
    <system-err><![CDATA[Oct 15, 2022 6:54:04 PM com.WebShop.TestCases.TC12_DemoShopLoginUsingExcel DemoLogin
INFO: Application URL is Opened
Oct 15, 2022 6:54:04 PM com.WebShop.TestCases.TC12_DemoShopLoginUsingExcel DemoLogin
INFO: User Clicks on LoginLink
Oct 15, 2022 6:54:09 PM com.WebShop.TestCases.TC12_DemoShopLoginUsingExcel DemoLogin
INFO: User Clicked on Logoutlink
Oct 15, 2022 6:54:09 PM com.WebShop.TestCases.TC12_DemoShopLoginUsingExcel DemoLogin
INFO: User Clicks on Logout link
Oct 15, 2022 6:54:11 PM com.WebShop.TestCases.TC12_DemoShopLoginUsingExcel DemoLogin
INFO: User Clicked on Loginlink
Oct 15, 2022 6:54:11 PM com.WebShop.TestCases.TC12_DemoShopLoginUsingExcel DemoLogin
INFO: Iteration starts - Clicking for New Login
]]></system-err>
  </testcase>
  <testcase name="DemoLogin[BOPA@BHAI.com, test@123](4)" classname="com.WebShop.TestCases.TC12_DemoShopLoginUsingExcel" time="10.047">
    <system-out><![CDATA[User Clicked on Logout Link
User Clicked on Login Link
]]></system-out>
    <system-err><![CDATA[Oct 15, 2022 6:54:12 PM com.WebShop.TestCases.TC12_DemoShopLoginUsingExcel DemoLogin
INFO: Application URL is Opened
Oct 15, 2022 6:54:14 PM com.WebShop.TestCases.TC12_DemoShopLoginUsingExcel DemoLogin
INFO: User Clicks on LoginLink
Oct 15, 2022 6:54:19 PM com.WebShop.TestCases.TC12_DemoShopLoginUsingExcel DemoLogin
INFO: User Clicked on Logoutlink
Oct 15, 2022 6:54:19 PM com.WebShop.TestCases.TC12_DemoShopLoginUsingExcel DemoLogin
INFO: User Clicks on Logout link
Oct 15, 2022 6:54:22 PM com.WebShop.TestCases.TC12_DemoShopLoginUsingExcel DemoLogin
INFO: User Clicked on Loginlink
Oct 15, 2022 6:54:22 PM com.WebShop.TestCases.TC12_DemoShopLoginUsingExcel DemoLogin
INFO: Iteration starts - Clicking for New Login
]]></system-err>
  </testcase>
  <testcase name="LoginValidation" classname="com.WebShop.TestCases.TC2_LoginValidation" time="12.16">
    <system-out><![CDATA[Display Actual Value[Sitemap, Shipping & Returns, Privacy Notice, Conditions of Use, About us, Contact us]
Display Expected Value[Sitemap, Shipping & Returns, Privacy Notice, Conditions of Use, About us, Contact us]
 Information Footer text are matching
Display Actual Value[Search, News, Blog, Recently viewed products, Compare products list, New products]
Display Expected Value[Search, News, Blog, Recently viewed products, Compare products list, New products]
 Customer Service Footer text are matching
Display Actual Value[My account, Orders, Addresses, Shopping cart, Wishlist]
Display Expected Value[My account, Orders, Addresses, Shopping cart, Wishlist]
 My Accounts Footer text are matching
Display Actual Value[Facebook, Twitter, RSS, YouTube, Google+]
Display Expected Value[Facebook, Twitter, RSS, YouTube, Google+]
 Follow Us Footer text are matching
 DemoWebShop Image is displaying
]]></system-out>
    <system-err><![CDATA[Starting ChromeDriver 106.0.5249.61 (511755355844955cd3e264779baf0dd38212a4d0-refs/branch-heads/5249@{#569}) on port 9394
Only local connections are allowed.
Please see https://chromedriver.chromium.org/security-considerations for suggestions on keeping ChromeDriver safe.
ChromeDriver was started successfully.
Oct 15, 2022 6:54:24 PM org.openqa.selenium.remote.ProtocolHandshake createSession
INFO: Detected dialect: W3C
Oct 15, 2022 6:54:25 PM com.WebShop.TestCases.TC2_LoginValidation LoginValidation
INFO: Welcome to DemoWebShop Login Page
Oct 15, 2022 6:54:36 PM com.WebShop.TestCases.TC2_LoginValidation LoginValidation
INFO: Information footer text are verified
Oct 15, 2022 6:54:36 PM com.WebShop.TestCases.TC2_LoginValidation LoginValidation
INFO: Customer Service footer text are verified
Oct 15, 2022 6:54:36 PM com.WebShop.TestCases.TC2_LoginValidation LoginValidation
INFO: My Account footer text are verified
Oct 15, 2022 6:54:37 PM com.WebShop.TestCases.TC2_LoginValidation LoginValidation
INFO: Follow Us footer text are verified
Oct 15, 2022 6:54:37 PM com.WebShop.TestCases.TC2_LoginValidation LoginValidation
INFO: Image Display Validation
]]></system-err>
  </testcase>
  <testcase name="LOGINTEST" classname="com.WebShop.TestCases.TC1_LOGIN" time="10.692">
    <system-out><![CDATA[User Logged in to The Application using UserID:gabu@tabu.com
]]></system-out>
    <system-err><![CDATA[Starting ChromeDriver 106.0.5249.61 (511755355844955cd3e264779baf0dd38212a4d0-refs/branch-heads/5249@{#569}) on port 47415
Only local connections are allowed.
Please see https://chromedriver.chromium.org/security-considerations for suggestions on keeping ChromeDriver safe.
ChromeDriver was started successfully.
Oct 15, 2022 6:54:39 PM org.openqa.selenium.remote.ProtocolHandshake createSession
INFO: Detected dialect: W3C
Oct 15, 2022 6:54:40 PM com.WebShop.TestCases.TC1_LOGIN LOGINTEST
INFO: Welcome to DemoWebShop Login Page
Oct 15, 2022 6:54:48 PM com.WebShop.TestCases.TC1_LOGIN LOGINTEST
INFO: Login Page is displayed
Oct 15, 2022 6:54:48 PM com.WebShop.TestCases.TC1_LOGIN LOGINTEST
INFO: Application URL is opned
Oct 15, 2022 6:54:48 PM com.WebShop.TestCases.TC1_LOGIN LOGINTEST
INFO: UserName is Entered
Oct 15, 2022 6:54:48 PM com.WebShop.TestCases.TC1_LOGIN LOGINTEST
INFO: Password is Entered
Oct 15, 2022 6:54:49 PM com.WebShop.TestCases.TC1_LOGIN LOGINTEST
INFO: User Loggged in Successfully
Oct 15, 2022 6:54:49 PM com.WebShop.TestCases.TC1_LOGIN LOGINTEST
INFO: User Logged in Using the Account Name
Oct 15, 2022 6:54:49 PM com.WebShop.TestCases.TC1_LOGIN LOGINTEST
INFO: User Logged out Successfully
]]></system-err>
  </testcase>
  <testcase name="LoginHeaderValidation" classname="com.WebShop.TestCases.TC3_LoginHeaderValidation" time="9.849">
    <system-out><![CDATA[Expected Header Text are:[BOOKS, COMPUTERS, ELECTRONICS, APPAREL & SHOES, DIGITAL DOWNLOADS, JEWELRY, GIFT CARDS]
Actual Header Text are:[BOOKS, COMPUTERS, , , , ELECTRONICS, , , APPAREL & SHOES, DIGITAL DOWNLOADS, JEWELRY, GIFT CARDS]
 Header Text are matching in DemoWebShop
]]></system-out>
    <system-err><![CDATA[Starting ChromeDriver 106.0.5249.61 (511755355844955cd3e264779baf0dd38212a4d0-refs/branch-heads/5249@{#569}) on port 25411
Only local connections are allowed.
Please see https://chromedriver.chromium.org/security-considerations for suggestions on keeping ChromeDriver safe.
ChromeDriver was started successfully.
Oct 15, 2022 6:54:53 PM org.openqa.selenium.remote.ProtocolHandshake createSession
INFO: Detected dialect: W3C
Oct 15, 2022 6:54:59 PM com.WebShop.TestCases.TC3_LoginHeaderValidation LoginHeaderValidation
INFO: Application URL is Opened
Oct 15, 2022 6:55:00 PM com.WebShop.TestCases.TC3_LoginHeaderValidation LoginHeaderValidation
INFO: User Credentials are Entered
Oct 15, 2022 6:55:01 PM com.WebShop.TestCases.TC3_LoginHeaderValidation LoginHeaderValidation
INFO: User Clicks on LoginButton
Oct 15, 2022 6:55:03 PM com.WebShop.TestCases.TC3_LoginHeaderValidation LoginHeaderValidation
INFO: Header Text are Validated Successfully
]]></system-err>
  </testcase>
  <testcase name="SearchPageValidation" classname="com.WebShop.TestCases.TC13_SearchPageValidation" time="12.445">
    <system-out><![CDATA[Expected Header Text should be:[Register, Log in, Shopping cart(0) , Wishlist (0)]
Actual Header Text Should be:[Register, Log in, Shopping cart
(0), Wishlist
(0)]
Header Text are not matching
]]></system-out>
    <system-err><![CDATA[[1665840303.474][SEVERE]: Unable to receive message from renderer
Starting ChromeDriver 106.0.5249.61 (511755355844955cd3e264779baf0dd38212a4d0-refs/branch-heads/5249@{#569}) on port 30373
Only local connections are allowed.
Please see https://chromedriver.chromium.org/security-considerations for suggestions on keeping ChromeDriver safe.
ChromeDriver was started successfully.
Oct 15, 2022 6:55:06 PM org.openqa.selenium.remote.ProtocolHandshake createSession
INFO: Detected dialect: W3C
Oct 15, 2022 6:55:06 PM com.WebShop.TestCases.TC13_SearchPageValidation SearchPageValidation
INFO: Welcome to DemoWebShop Login Page
Oct 15, 2022 6:55:16 PM com.WebShop.TestCases.TC13_SearchPageValidation SearchPageValidation
INFO: User Enters the Seach Text
Oct 15, 2022 6:55:17 PM com.WebShop.TestCases.TC13_SearchPageValidation SearchPageValidation
INFO: User Clicked on Search Button
Oct 15, 2022 6:55:18 PM com.WebShop.TestCases.TC13_SearchPageValidation SearchPageValidation
INFO: Search Page Title Validated
Oct 15, 2022 6:55:18 PM com.WebShop.TestCases.TC13_SearchPageValidation SearchPageValidation
INFO: Header Text are Validated
]]></system-err>
  </testcase>
  <testcase name="HomePageLinks" classname="com.WebShop.TestCases.TC14_HomePageBrokenlinks" time="18.879">
    <failure message="no protocol: " type="java.net.MalformedURLException"><![CDATA[java.net.MalformedURLException: no protocol: 
	at java.net.URL.<init>(URL.java:610)
	at java.net.URL.<init>(URL.java:507)
	at java.net.URL.<init>(URL.java:456)
	at PageObjects.HomePagelinks.HomePageLinks(HomePagelinks.java:35)
	at com.WebShop.TestCases.TC14_HomePageBrokenlinks.HomePageLinks(TC14_HomePageBrokenlinks.java:20)
	at sun.reflect.NativeMethodAccessorImpl.invoke0(Native Method)
	at sun.reflect.NativeMethodAccessorImpl.invoke(NativeMethodAccessorImpl.java:62)
	at sun.reflect.DelegatingMethodAccessorImpl.invoke(DelegatingMethodAccessorImpl.java:43)
	at java.lang.reflect.Method.invoke(Method.java:498)
	at org.testng.internal.MethodInvocationHelper.invokeMethod(MethodInvocationHelper.java:133)
	at org.testng.internal.TestInvoker.invokeMethod(TestInvoker.java:598)
	at org.testng.internal.TestInvoker.invokeTestMethod(TestInvoker.java:173)
	at org.testng.internal.MethodRunner.runInSequence(MethodRunner.java:46)
	at org.testng.internal.TestInvoker$MethodInvocationAgent.invoke(TestInvoker.java:824)
	at org.testng.internal.TestInvoker.invokeTestMethods(TestInvoker.java:146)
	at org.testng.internal.TestMethodWorker.invokeTestMethods(TestMethodWorker.java:146)
	at org.testng.internal.TestMethodWorker.run(TestMethodWorker.java:128)
	at java.util.ArrayList.forEach(ArrayList.java:1257)
	at org.testng.TestRunner.privateRun(TestRunner.java:794)
	at org.testng.TestRunner.run(TestRunner.java:596)
	at org.testng.SuiteRunner.runTest(SuiteRunner.java:377)
	at org.testng.SuiteRunner.runSequentially(SuiteRunner.java:371)
	at org.testng.SuiteRunner.privateRun(SuiteRunner.java:332)
	at org.testng.SuiteRunner.run(SuiteRunner.java:276)
	at org.testng.SuiteRunnerWorker.runSuite(SuiteRunnerWorker.java:53)
	at org.testng.SuiteRunnerWorker.run(SuiteRunnerWorker.java:96)
	at org.testng.TestNG.runSuitesSequentially(TestNG.java:1212)
	at org.testng.TestNG.runSuitesLocally(TestNG.java:1134)
	at org.testng.TestNG.runSuites(TestNG.java:1063)
	at org.testng.TestNG.run(TestNG.java:1031)
	at org.apache.maven.surefire.testng.TestNGExecutor.run(TestNGExecutor.java:324)
	at org.apache.maven.surefire.testng.TestNGXmlTestSuite.execute(TestNGXmlTestSuite.java:74)
	at org.apache.maven.surefire.testng.TestNGProvider.invoke(TestNGProvider.java:123)
	at org.apache.maven.surefire.booter.ForkedBooter.runSuitesInProcess(ForkedBooter.java:456)
	at org.apache.maven.surefire.booter.ForkedBooter.execute(ForkedBooter.java:169)
	at org.apache.maven.surefire.booter.ForkedBooter.run(ForkedBooter.java:595)
	at org.apache.maven.surefire.booter.ForkedBooter.main(ForkedBooter.java:581)
]]></failure>
    <system-out><![CDATA[Number of links:95
 The Homepage Link is:https://demowebshop.tricentis.com/
https://demowebshop.tricentis.com/-OK
 The Homepage Link is:https://demowebshop.tricentis.com/register
https://demowebshop.tricentis.com/register-OK
 The Homepage Link is:https://demowebshop.tricentis.com/login
https://demowebshop.tricentis.com/login-OK
 The Homepage Link is:https://demowebshop.tricentis.com/cart
https://demowebshop.tricentis.com/cart-OK
 The Homepage Link is:https://demowebshop.tricentis.com/wishlist
https://demowebshop.tricentis.com/wishlist-OK
 The Homepage Link is:https://demowebshop.tricentis.com/books
https://demowebshop.tricentis.com/books-OK
 The Homepage Link is:https://demowebshop.tricentis.com/computers
https://demowebshop.tricentis.com/computers-OK
 The Homepage Link is:https://demowebshop.tricentis.com/desktops
https://demowebshop.tricentis.com/desktops-OK
 The Homepage Link is:https://demowebshop.tricentis.com/notebooks
https://demowebshop.tricentis.com/notebooks-OK
 The Homepage Link is:https://demowebshop.tricentis.com/accessories
https://demowebshop.tricentis.com/accessories-OK
 The Homepage Link is:https://demowebshop.tricentis.com/electronics
https://demowebshop.tricentis.com/electronics-OK
 The Homepage Link is:https://demowebshop.tricentis.com/camera-photo
https://demowebshop.tricentis.com/camera-photo-OK
 The Homepage Link is:https://demowebshop.tricentis.com/cell-phones
https://demowebshop.tricentis.com/cell-phones-OK
 The Homepage Link is:https://demowebshop.tricentis.com/apparel-shoes
https://demowebshop.tricentis.com/apparel-shoes-OK
 The Homepage Link is:https://demowebshop.tricentis.com/digital-downloads
https://demowebshop.tricentis.com/digital-downloads-OK
 The Homepage Link is:https://demowebshop.tricentis.com/jewelry
https://demowebshop.tricentis.com/jewelry-OK
 The Homepage Link is:https://demowebshop.tricentis.com/gift-cards
https://demowebshop.tricentis.com/gift-cards-OK
 The Homepage Link is:
]]></system-out>
    <system-err><![CDATA[[1665840318.695][SEVERE]: Unable to receive message from renderer
Starting ChromeDriver 106.0.5249.61 (511755355844955cd3e264779baf0dd38212a4d0-refs/branch-heads/5249@{#569}) on port 17340
Only local connections are allowed.
Please see https://chromedriver.chromium.org/security-considerations for suggestions on keeping ChromeDriver safe.
ChromeDriver was started successfully.
Oct 15, 2022 6:55:20 PM org.openqa.selenium.remote.ProtocolHandshake createSession
INFO: Detected dialect: W3C
Oct 15, 2022 6:55:20 PM com.WebShop.TestCases.TC14_HomePageBrokenlinks HomePageLinks
INFO: Welcome to DemoWebShop Login Page
]]></system-err>
  </testcase>
</testsuite>